<?xml version="1.0" encoding="UTF-8"?>
<!-- Generated by org.testng.reporters.JUnitXMLReporter -->
<testsuite ignored="0" hostname="DESKTOP-47I2M5I" failures="1" tests="14" name="TestFromFramework" time="123.554" errors="0" timestamp="2025-01-15T22:37:12 CST">
  <testcase classname="Test.com.javaframework.LoginTest" name="verifyLoginWithValidCredential" time="1.776"/>
  <testcase classname="Test.com.javaframework.LoginTest" name="verifyLoginWithInValidCredential" time="0.914"/>
  <testcase classname="Test.com.javaframework.LoginTest" name="verifyLoginWithInValidEmailInvalidPassword" time="0.885"/>
  <testcase classname="Test.com.javaframework.LoginTest" name="verifyLoginWithBlankEmailAndPassword" time="0.762"/>
  <testcase classname="Test.com.javaframework.LoginTest" name="verifyLoginWithValidCredentialDP" time="15.919">
    <failure type="org.openqa.selenium.NoSuchElementException" message="no such element: Unable to locate element: {&amp;quot;method&amp;quot;:&amp;quot;link text&amp;quot;,&amp;quot;selector&amp;quot;:&amp;quot;Edit your account information&amp;quot;}
  (Session info: chrome=131.0.6778.265)
For documentation on this error, please visit: https://www.selenium.dev/documentation/webdriver/troubleshooting/errors#no-such-element-exception
Build info: version: &amp;apos;4.27.0&amp;apos;, revision: &amp;apos;d6e718d134&amp;apos;
System info: os.name: &amp;apos;Windows 11&amp;apos;, os.arch: &amp;apos;amd64&amp;apos;, os.version: &amp;apos;10.0&amp;apos;, java.version: &amp;apos;23.0.1&amp;apos;
Driver info: org.openqa.selenium.chrome.ChromeDriver
Command: [e357bc40630d6f50206c400d61644783, findElement {using=link text, value=Edit your account information}]
Capabilities {acceptInsecureCerts: false, browserName: chrome, browserVersion: 131.0.6778.265, chrome: {chromedriverVersion: 131.0.6778.264 (2d05e315153..., userDataDir: C:\Users\desti\AppData\Loca...}, fedcm:accounts: true, goog:chromeOptions: {debuggerAddress: localhost:51315}, networkConnectionEnabled: false, pageLoadStrategy: normal, platformName: windows, proxy: Proxy(), se:cdp: ws://localhost:51315/devtoo..., se:cdpVersion: 131.0.6778.265, setWindowRect: true, strictFileInteractability: false, timeouts: {implicit: 0, pageLoad: 300000, script: 30000}, unhandledPromptBehavior: dismiss and notify, webauthn:extension:credBlob: true, webauthn:extension:largeBlob: true, webauthn:extension:minPinLength: true, webauthn:extension:prf: true, webauthn:virtualAuthenticators: true}
Session ID: e357bc40630d6f50206c400d61644783">
      <![CDATA[org.openqa.selenium.NoSuchElementException: no such element: Unable to locate element: {"method":"link text","selector":"Edit your account information"}
  (Session info: chrome=131.0.6778.265)
For documentation on this error, please visit: https://www.selenium.dev/documentation/webdriver/troubleshooting/errors#no-such-element-exception
Build info: version: '4.27.0', revision: 'd6e718d134'
System info: os.name: 'Windows 11', os.arch: 'amd64', os.version: '10.0', java.version: '23.0.1'
Driver info: org.openqa.selenium.chrome.ChromeDriver
Command: [e357bc40630d6f50206c400d61644783, findElement {using=link text, value=Edit your account information}]
Capabilities {acceptInsecureCerts: false, browserName: chrome, browserVersion: 131.0.6778.265, chrome: {chromedriverVersion: 131.0.6778.264 (2d05e315153..., userDataDir: C:\Users\desti\AppData\Loca...}, fedcm:accounts: true, goog:chromeOptions: {debuggerAddress: localhost:51315}, networkConnectionEnabled: false, pageLoadStrategy: normal, platformName: windows, proxy: Proxy(), se:cdp: ws://localhost:51315/devtoo..., se:cdpVersion: 131.0.6778.265, setWindowRect: true, strictFileInteractability: false, timeouts: {implicit: 0, pageLoad: 300000, script: 30000}, unhandledPromptBehavior: dismiss and notify, webauthn:extension:credBlob: true, webauthn:extension:largeBlob: true, webauthn:extension:minPinLength: true, webauthn:extension:prf: true, webauthn:virtualAuthenticators: true}
Session ID: e357bc40630d6f50206c400d61644783
at org.openqa.selenium.remote.ErrorCodec.decode(ErrorCodec.java:167)
at org.openqa.selenium.remote.codec.w3c.W3CHttpResponseCodec.decode(W3CHttpResponseCodec.java:138)
at org.openqa.selenium.remote.codec.w3c.W3CHttpResponseCodec.decode(W3CHttpResponseCodec.java:50)
at org.openqa.selenium.remote.HttpCommandExecutor.execute(HttpCommandExecutor.java:190)
at org.openqa.selenium.remote.service.DriverCommandExecutor.invokeExecute(DriverCommandExecutor.java:216)
at org.openqa.selenium.remote.service.DriverCommandExecutor.execute(DriverCommandExecutor.java:174)
at org.openqa.selenium.remote.RemoteWebDriver.execute(RemoteWebDriver.java:545)
at org.openqa.selenium.remote.ElementLocation$ElementFinder$2.findElement(ElementLocation.java:165)
at org.openqa.selenium.remote.ElementLocation.findElement(ElementLocation.java:59)
at org.openqa.selenium.remote.RemoteWebDriver.findElement(RemoteWebDriver.java:368)
at org.openqa.selenium.remote.RemoteWebDriver.findElement(RemoteWebDriver.java:362)
at org.openqa.selenium.support.pagefactory.DefaultElementLocator.findElement(DefaultElementLocator.java:68)
at org.openqa.selenium.support.pagefactory.internal.LocatingElementHandler.invoke(LocatingElementHandler.java:38)
at jdk.proxy2/jdk.proxy2.$Proxy15.isDisplayed(Unknown Source)
at pageObjects.AccountPage.verifyenterYourAccountInformationBannerDisplay(AccountPage.java:22)
at Test.com.javaframework.LoginTest.verifyLoginWithValidCredentialDP(LoginTest.java:59)
at java.base/java.util.ArrayList.forEach(ArrayList.java:1597)
... Removed 28 stack frames]]>
    </failure>
  </testcase> <!-- verifyLoginWithValidCredentialDP -->
  <testcase classname="Test.com.javaframework.LoginTest" name="verifyLoginWithValidCredentialDP" time="6.419"/>
  <testcase classname="Test.com.javaframework.LoginTest" name="verifyLoginWithValidCredentialDP" time="6.899"/>
  <testcase classname="Test.com.javaframework.RegisterTest" name="verfiyRegisterAccountWithAllFields" time="2.636"/>
  <testcase classname="Test.com.javaframework.RegisterTest" name="verfiyRegisterAccountWithExistingEmail" time="4.19"/>
  <testcase classname="Test.com.javaframework.RegisterTest" name="verfiyRegisterAccountWithMandatoryFields" time="4.031"/>
  <testcase classname="Test.com.javaframework.RegisterTest" name="verfiyRegisterAccountWithoutAnyDetails" time="0.6"/>
  <testcase classname="Test.com.javaframework.SearchTest" name="verifySearchWithInValidProduct" time="0.558"/>
  <testcase classname="Test.com.javaframework.SearchTest" name="verifySearchWithNoProduct" time="0.449"/>
  <testcase classname="Test.com.javaframework.SearchTest" name="verifySearchWithValidProduct" time="0.798"/>
</testsuite> <!-- TestFromFramework -->
